<?xml version="1.0" encoding="UTF-8"?>
<testng-results skipped="0" failed="1" ignored="0" total="2" passed="1">
  <reporter-output>
  </reporter-output>
  <suite name="Default suite" duration-ms="76103" started-at="2019-10-14T12:46:33Z" finished-at="2019-10-14T12:47:49Z">
    <groups>
    </groups>
    <test name="Default test" duration-ms="76103" started-at="2019-10-14T12:46:33Z" finished-at="2019-10-14T12:47:49Z">
      <class name="com.parallel.tests.HomePageTest">
        <test-method status="FAIL" signature="Test(java.lang.String, java.lang.String, java.lang.String)[pri:0, instance:com.parallel.tests.HomePageTest@7d9d1a19]" name="Test" duration-ms="72854" started-at="2019-10-14T18:16:33Z" data-provider="getData" finished-at="2019-10-14T18:17:46Z">
          <params>
            <param index="0">
              <value>
                <![CDATA[mahmedk16@gmail.com]]>
              </value>
            </param>
            <param index="1">
              <value>
                <![CDATA[Hasnain@135]]>
              </value>
            </param>
            <param index="2">
              <value>
                <![CDATA[firefox]]>
              </value>
            </param>
          </params>
          <exception class="java.lang.AssertionError">
            <message>
              <![CDATA[expected [true] but found [false]]]>
            </message>
            <full-stacktrace>
              <![CDATA[java.lang.AssertionError: expected [true] but found [false]
	at org.testng.Assert.fail(Assert.java:93)
	at org.testng.Assert.failNotEquals(Assert.java:512)
	at org.testng.Assert.assertTrue(Assert.java:41)
	at org.testng.Assert.assertTrue(Assert.java:51)
	at com.parallel.tests.HomePageTest.Test(HomePageTest.java:34)
	at sun.reflect.NativeMethodAccessorImpl.invoke0(Native Method)
	at sun.reflect.NativeMethodAccessorImpl.invoke(NativeMethodAccessorImpl.java:62)
	at sun.reflect.DelegatingMethodAccessorImpl.invoke(DelegatingMethodAccessorImpl.java:43)
	at java.lang.reflect.Method.invoke(Method.java:498)
	at org.testng.internal.MethodInvocationHelper.invokeMethod(MethodInvocationHelper.java:108)
	at org.testng.internal.Invoker.invokeMethod(Invoker.java:661)
	at org.testng.internal.Invoker.invokeTestMethod(Invoker.java:869)
	at org.testng.internal.TestMethodWithDataProviderMethodWorker.call(TestMethodWithDataProviderMethodWorker.java:75)
	at org.testng.internal.TestMethodWithDataProviderMethodWorker.call(TestMethodWithDataProviderMethodWorker.java:14)
	at java.util.concurrent.FutureTask.run(FutureTask.java:266)
	at java.util.concurrent.Executors$RunnableAdapter.call(Executors.java:511)
	at java.util.concurrent.FutureTask.run(FutureTask.java:266)
	at java.util.concurrent.ThreadPoolExecutor.runWorker(ThreadPoolExecutor.java:1149)
	at java.util.concurrent.ThreadPoolExecutor$Worker.run(ThreadPoolExecutor.java:624)
	at java.lang.Thread.run(Thread.java:748)
]]>
            </full-stacktrace>
          </exception> <!-- java.lang.AssertionError -->
          <reporter-output>
          </reporter-output>
        </test-method> <!-- Test -->
        <test-method status="PASS" signature="Test(java.lang.String, java.lang.String, java.lang.String)[pri:0, instance:com.parallel.tests.HomePageTest@7d9d1a19]" name="Test" duration-ms="43052" started-at="2019-10-14T18:16:33Z" data-provider="getData" finished-at="2019-10-14T18:17:16Z">
          <params>
            <param index="0">
              <value>
                <![CDATA[mahmedk13@gmail.com]]>
              </value>
            </param>
            <param index="1">
              <value>
                <![CDATA[Hasnain@135]]>
              </value>
            </param>
            <param index="2">
              <value>
                <![CDATA[Chrome]]>
              </value>
            </param>
          </params>
          <reporter-output>
          </reporter-output>
        </test-method> <!-- Test -->
        <test-method status="PASS" signature="tearDown()[pri:0, instance:com.parallel.tests.HomePageTest@7d9d1a19]" name="tearDown" is-config="true" duration-ms="935" started-at="2019-10-14T18:17:16Z" finished-at="2019-10-14T18:17:17Z">
          <reporter-output>
          </reporter-output>
        </test-method> <!-- tearDown -->
        <test-method status="PASS" signature="tearDown()[pri:0, instance:com.parallel.tests.HomePageTest@7d9d1a19]" name="tearDown" is-config="true" duration-ms="3139" started-at="2019-10-14T18:17:46Z" finished-at="2019-10-14T18:17:49Z">
          <reporter-output>
          </reporter-output>
        </test-method> <!-- tearDown -->
      </class> <!-- com.parallel.tests.HomePageTest -->
    </test> <!-- Default test -->
  </suite> <!-- Default suite -->
</testng-results>
